0 info it worked if it ends with ok
1 verbose cli [ 'node', '/usr/local/bin/npm', 'adduser' ]
2 info using npm@2.13.1
3 info using node@v0.12.0
4 verbose adduser before first PUT { _id: 'org.couchdb.user:npm-tut-account',
4 verbose adduser   name: 'npm-tut-account',
4 verbose adduser   password: 'XXXXX',
4 verbose adduser   email: 'tut@tut.tut',
4 verbose adduser   type: 'user',
4 verbose adduser   roles: [],
4 verbose adduser   date: '2015-07-29T11:17:28.335Z' }
5 verbose request uri http://localhost:15443/-/user/org.couchdb.user:npm-tut-account
6 verbose request new user, so can't send auth
7 info attempt registry request try #1 at 13:17:28
8 verbose request id 6bfdb2eb6de250c3
9 http request PUT http://localhost:15443/-/user/org.couchdb.user:npm-tut-account
10 info retry will retry, error on last attempt: Error: connect ECONNREFUSED
11 info attempt registry request try #2 at 13:17:38
12 http request PUT http://localhost:15443/-/user/org.couchdb.user:npm-tut-account
13 info retry will retry, error on last attempt: Error: connect ECONNREFUSED
14 info attempt registry request try #3 at 13:18:38
15 http request PUT http://localhost:15443/-/user/org.couchdb.user:npm-tut-account
16 verbose request invalidating /Users/ich/.npm/localhost_15443/-/user/org.couchdb.user_3Anpm-tut-account on PUT
17 verbose adduser back [ { [Error: connect ECONNREFUSED]
17 verbose adduser     code: 'ECONNREFUSED',
17 verbose adduser     errno: 'ECONNREFUSED',
17 verbose adduser     syscall: 'connect' },
17 verbose adduser   undefined,
17 verbose adduser   undefined ]
18 verbose stack Error: connect ECONNREFUSED
18 verbose stack     at exports._errnoException (util.js:746:11)
18 verbose stack     at TCPConnectWrap.afterConnect [as oncomplete] (net.js:983:19)
19 verbose cwd /Users/ich/Development/node_js/nodeschool/NodeSchool-Tutorials/how-to-npm
20 error Darwin 13.4.0
21 error argv "node" "/usr/local/bin/npm" "adduser"
22 error node v0.12.0
23 error npm  v2.13.1
24 error code ECONNREFUSED
25 error errno ECONNREFUSED
26 error syscall connect
27 error Error: connect ECONNREFUSED
27 error     at exports._errnoException (util.js:746:11)
27 error     at TCPConnectWrap.afterConnect [as oncomplete] (net.js:983:19)
27 error  { [Error: connect ECONNREFUSED]
27 error   code: 'ECONNREFUSED',
27 error   errno: 'ECONNREFUSED',
27 error   syscall: 'connect' }
28 error If you are behind a proxy, please make sure that the
28 error 'proxy' config is set properly.  See: 'npm help config'
29 verbose exit [ 1, true ]
